Copyright 1986-2023 Xilinx, Inc. All Rights Reserved.
--------------------------------------------------------------------------------------
| Tool Version : Vivado v.2022.2.2 (win64) Build 3788238 Tue Feb 21 20:00:34 MST 2023
| Date         : Fri Mar 21 15:42:02 2025
| Host         : LESHA2023 running 64-bit major release  (build 9200)
| Command      : upgrade_ip
| Device       : xc7z010clg400-1
--------------------------------------------------------------------------------------

Upgrade Log for IP 'system_bd_sequencerip_0_0'

1. Summary
----------

SUCCESS in the upgrade of system_bd_sequencerip_0_0 (xilinx.com:user:sequencerip:1.0) from (Rev. 5) to (Rev. 6)






Copyright 1986-2023 Xilinx, Inc. All Rights Reserved.
--------------------------------------------------------------------------------------
| Tool Version : Vivado v.2022.2.2 (win64) Build 3788238 Tue Feb 21 20:00:34 MST 2023
| Date         : Fri Mar 21 15:42:02 2025
| Host         : LESHA2023 running 64-bit major release  (build 9200)
| Command      : upgrade_ip
| Device       : xc7z010clg400-1
--------------------------------------------------------------------------------------

Upgrade Log for IP 'sequencerip_0'

1. Summary
----------

SUCCESS in the upgrade of sequencerip_0 (xilinx.com:user:sequencerip:1.0) from (Rev. 5) to (Rev. 6)






Copyright 1986-2023 Xilinx, Inc. All Rights Reserved.
--------------------------------------------------------------------------------------
| Tool Version : Vivado v.2022.2.2 (win64) Build 3788238 Tue Feb 21 20:00:34 MST 2023
| Date         : Fri Mar 21 15:19:28 2025
| Host         : LESHA2023 running 64-bit major release  (build 9200)
| Command      : upgrade_ip
| Device       : xc7z010clg400-1
--------------------------------------------------------------------------------------

Upgrade Log for IP 'system_bd_sequencerip_0_0'

1. Summary
----------

SUCCESS in the upgrade of system_bd_sequencerip_0_0 (xilinx.com:user:sequencerip:1.0) from (Rev. 4) to (Rev. 5)






Copyright 1986-2023 Xilinx, Inc. All Rights Reserved.
--------------------------------------------------------------------------------------
| Tool Version : Vivado v.2022.2.2 (win64) Build 3788238 Tue Feb 21 20:00:34 MST 2023
| Date         : Fri Mar 21 15:19:28 2025
| Host         : LESHA2023 running 64-bit major release  (build 9200)
| Command      : upgrade_ip
| Device       : xc7z010clg400-1
--------------------------------------------------------------------------------------

Upgrade Log for IP 'sequencerip_0'

1. Summary
----------

SUCCESS in the upgrade of sequencerip_0 (xilinx.com:user:sequencerip:1.0) from (Rev. 4) to (Rev. 5)






Copyright 1986-2023 Xilinx, Inc. All Rights Reserved.
--------------------------------------------------------------------------------------
| Tool Version : Vivado v.2022.2.2 (win64) Build 3788238 Tue Feb 21 20:00:34 MST 2023
| Date         : Wed Mar 19 20:23:50 2025
| Host         : LESHA2023 running 64-bit major release  (build 9200)
| Command      : upgrade_ip
| Device       : xc7z010clg400-1
--------------------------------------------------------------------------------------

Upgrade Log for IP 'system_bd_sequencerip_0_0'

1. Summary
----------

SUCCESS in the upgrade of system_bd_sequencerip_0_0 (xilinx.com:user:sequencerip:1.0) from (Rev. 3) to (Rev. 4)






Copyright 1986-2023 Xilinx, Inc. All Rights Reserved.
--------------------------------------------------------------------------------------
| Tool Version : Vivado v.2022.2.2 (win64) Build 3788238 Tue Feb 21 20:00:34 MST 2023
| Date         : Wed Mar 19 20:23:50 2025
| Host         : LESHA2023 running 64-bit major release  (build 9200)
| Command      : upgrade_ip
| Device       : xc7z010clg400-1
--------------------------------------------------------------------------------------

Upgrade Log for IP 'sequencerip_0'

1. Summary
----------

SUCCESS in the upgrade of sequencerip_0 (xilinx.com:user:sequencerip:1.0) from (Rev. 3) to (Rev. 4)

